#
# There is insufficient memory for the Java Runtime Environment to continue.
# Native memory allocation (malloc) failed to allocate 32744 bytes for ChunkPool::allocate
# Possible reasons:
#   The system is out of physical RAM or swap space
#   The process is running with CompressedOops enabled, and the Java Heap may be blocking the growth of the native heap
# Possible solutions:
#   Reduce memory load on the system
#   Increase physical memory or swap space
#   Check if swap backing store is full
#   Decrease Java heap size (-Xmx/-Xms)
#   Decrease number of Java threads
#   Decrease Java thread stack sizes (-Xss)
#   Set larger code cache with -XX:ReservedCodeCacheSize=
#   JVM is running with Unscaled Compressed Oops mode in which the Java heap is
#     placed in the first 4GB address space. The Java Heap base address is the
#     maximum limit for the native heap growth. Please use -XX:HeapBaseMinAddress
#     to set the Java Heap base and to place the Java Heap above 4GB virtual address.
# This output file may be truncated or incomplete.
#
#  Out of Memory Error (allocation.cpp:272), pid=7140, tid=0x00000000000032c4
#
# JRE version: OpenJDK Runtime Environment (8.0_242-b01) (build 1.8.0_242-release-1644-b01)
# Java VM: OpenJDK 64-Bit Server VM (25.242-b01 mixed mode windows-amd64 compressed oops)
# Failed to write core dump. Minidumps are not enabled by default on client versions of Windows
#

---------------  T H R E A D  ---------------

Current thread (0x0000000017c7e000):  JavaThread "C2 CompilerThread1" daemon [_thread_in_native, id=12996, stack(0x00000000196c0000,0x00000000197c0000)]

Stack: [0x00000000196c0000,0x00000000197c0000]
[error occurred during error reporting (printing stack bounds), id 0xc0000005]

Native frames: (J=compiled Java code, j=interpreted, Vv=VM code, C=native code)


Current CompileTask:
C2:3386066 19471 %     4       org.objectweb.asm.ClassReader::readCode @ 2165 (5089 bytes)


---------------  P R O C E S S  ---------------

Java Threads: ( => current thread )
  0x000000001b6c4800 JavaThread "Cache worker for execution history cache (C:\Users\Usere\Desktop\project\.gradle\6.5\executionHistory)" [_thread_blocked, id=4444, stack(0x0000000033600000,0x0000000033700000)]
  0x000000001b6c3800 JavaThread "pool-12-thread-1" [_thread_blocked, id=9900, stack(0x0000000031c00000,0x0000000031d00000)]
  0x000000001b6c9800 JavaThread "jar transforms Thread 462" [_thread_blocked, id=11388, stack(0x0000000031020000,0x0000000031120000)]
  0x000000001b6c5000 JavaThread "jar transforms Thread 461" [_thread_blocked, id=11564, stack(0x0000000030810000,0x0000000030910000)]
  0x000000001b6c9000 JavaThread "jar transforms Thread 460" [_thread_blocked, id=3400, stack(0x0000000030510000,0x0000000030610000)]
  0x000000002429b000 JavaThread "jar transforms Thread 459" [_thread_blocked, id=9160, stack(0x000000002c500000,0x000000002c600000)]
  0x000000002429e800 JavaThread "jar transforms Thread 458" [_thread_blocked, id=468, stack(0x000000002af40000,0x000000002b040000)]
  0x000000002429a800 JavaThread "jar transforms Thread 457" [_thread_blocked, id=8404, stack(0x000000002aa80000,0x000000002ab80000)]
  0x000000002429d800 JavaThread "jar transforms Thread 456" [_thread_blocked, id=14908, stack(0x0000000029a70000,0x0000000029b70000)]
  0x000000002429d000 JavaThread "jar transforms Thread 455" [_thread_blocked, id=5232, stack(0x0000000029770000,0x0000000029870000)]
  0x000000002429f000 JavaThread "jar transforms Thread 454" [_thread_blocked, id=15356, stack(0x0000000029670000,0x0000000029770000)]
  0x00000000242a1800 JavaThread "jar transforms Thread 453" [_thread_blocked, id=10280, stack(0x0000000029370000,0x0000000029470000)]
  0x00000000242a0800 JavaThread "jar transforms Thread 452" [_thread_blocked, id=7748, stack(0x0000000029270000,0x0000000029370000)]
  0x00000000242a0000 JavaThread "jar transforms Thread 451" [_thread_blocked, id=4720, stack(0x0000000029170000,0x0000000029270000)]
  0x000000002429c000 JavaThread "jar transforms Thread 450" [_thread_blocked, id=10444, stack(0x0000000029070000,0x0000000029170000)]
  0x000000001e263800 JavaThread "jar transforms Thread 449" [_thread_blocked, id=396, stack(0x0000000028f70000,0x0000000029070000)]
  0x000000001e262000 JavaThread "jar transforms Thread 448" [_thread_blocked, id=11940, stack(0x0000000028e70000,0x0000000028f70000)]
  0x000000001e261000 JavaThread "jar transforms Thread 447" [_thread_blocked, id=14640, stack(0x0000000028d70000,0x0000000028e70000)]
  0x000000001e268000 JavaThread "jar transforms Thread 446" [_thread_blocked, id=2720, stack(0x0000000028c70000,0x0000000028d70000)]
  0x000000001e267000 JavaThread "jar transforms Thread 445" [_thread_blocked, id=11076, stack(0x0000000028b70000,0x0000000028c70000)]
  0x000000001e262800 JavaThread "jar transforms Thread 444" [_thread_blocked, id=2964, stack(0x0000000028a70000,0x0000000028b70000)]
  0x000000001e265800 JavaThread "jar transforms Thread 443" [_thread_blocked, id=14004, stack(0x0000000028970000,0x0000000028a70000)]
  0x000000001e266800 JavaThread "jar transforms Thread 442" [_thread_blocked, id=14824, stack(0x0000000028870000,0x0000000028970000)]
  0x000000001e265000 JavaThread "jar transforms Thread 441" [_thread_blocked, id=6880, stack(0x0000000028770000,0x0000000028870000)]
  0x000000001e264000 JavaThread "jar transforms Thread 440" [_thread_blocked, id=9692, stack(0x0000000028670000,0x0000000028770000)]
  0x000000001e259800 JavaThread "jar transforms Thread 439" [_thread_blocked, id=11840, stack(0x0000000028570000,0x0000000028670000)]
  0x000000001e25d800 JavaThread "jar transforms Thread 438" [_thread_blocked, id=9764, stack(0x0000000028470000,0x0000000028570000)]
  0x000000001e25f800 JavaThread "jar transforms Thread 437" [_thread_blocked, id=3004, stack(0x0000000028370000,0x0000000028470000)]
  0x000000001e25f000 JavaThread "jar transforms Thread 436" [_thread_blocked, id=11752, stack(0x0000000028270000,0x0000000028370000)]
  0x000000001e25c800 JavaThread "jar transforms Thread 435" [_thread_blocked, id=11488, stack(0x0000000028170000,0x0000000028270000)]
  0x000000001e25c000 JavaThread "jar transforms Thread 434" [_thread_blocked, id=2396, stack(0x0000000028070000,0x0000000028170000)]
  0x000000001e25b000 JavaThread "jar transforms Thread 433" [_thread_blocked, id=1364, stack(0x0000000027f70000,0x0000000028070000)]
  0x000000001e25e000 JavaThread "jar transforms Thread 432" [_thread_blocked, id=11572, stack(0x0000000027e70000,0x0000000027f70000)]
  0x000000001e260800 JavaThread "jar transforms Thread 431" [_thread_blocked, id=14376, stack(0x0000000027d70000,0x0000000027e70000)]
  0x000000001e25a800 JavaThread "jar transforms Thread 430" [_thread_blocked, id=12728, stack(0x0000000027c70000,0x0000000027d70000)]
  0x000000001e259000 JavaThread "jar transforms Thread 429" [_thread_blocked, id=8048, stack(0x0000000027b70000,0x0000000027c70000)]
  0x0000000017c7f800 JavaThread "jar transforms Thread 428" [_thread_blocked, id=9524, stack(0x0000000027a70000,0x0000000027b70000)]
  0x0000000017c7c000 JavaThread "jar transforms Thread 427" [_thread_blocked, id=10808, stack(0x0000000027970000,0x0000000027a70000)]
  0x0000000017c82800 JavaThread "jar transforms Thread 426" [_thread_blocked, id=7544, stack(0x0000000027870000,0x0000000027970000)]
  0x0000000017c81000 JavaThread "jar transforms Thread 425" [_thread_blocked, id=16260, stack(0x0000000027770000,0x0000000027870000)]
  0x0000000017c7c800 JavaThread "jar transforms Thread 424" [_thread_blocked, id=11548, stack(0x0000000027670000,0x0000000027770000)]
  0x0000000017c7d800 JavaThread "jar transforms Thread 423" [_thread_blocked, id=4252, stack(0x0000000027570000,0x0000000027670000)]
  0x000000001c224000 JavaThread "jar transforms Thread 422" [_thread_blocked, id=14804, stack(0x0000000027470000,0x0000000027570000)]
  0x000000001c21f800 JavaThread "jar transforms Thread 421" [_thread_blocked, id=14084, stack(0x0000000027370000,0x0000000027470000)]
  0x000000001c223000 JavaThread "jar transforms Thread 420" [_thread_blocked, id=12948, stack(0x0000000027270000,0x0000000027370000)]
  0x000000001c226000 JavaThread "jar transforms Thread 419" [_thread_blocked, id=9600, stack(0x0000000027170000,0x0000000027270000)]
  0x000000001c222800 JavaThread "jar transforms Thread 418" [_thread_blocked, id=3564, stack(0x0000000027070000,0x0000000027170000)]
  0x000000001c221000 JavaThread "jar transforms Thread 417" [_thread_blocked, id=2200, stack(0x0000000026f70000,0x0000000027070000)]
  0x000000001c225800 JavaThread "jar transforms Thread 416" [_thread_blocked, id=13412, stack(0x0000000026e70000,0x0000000026f70000)]
  0x000000001c221800 JavaThread "jar transforms Thread 415" [_thread_blocked, id=15740, stack(0x0000000026d70000,0x0000000026e70000)]
  0x000000001c220000 JavaThread "jar transforms Thread 414" [_thread_blocked, id=16148, stack(0x0000000026c70000,0x0000000026d70000)]
  0x0000000023cfe800 JavaThread "jar transforms Thread 413" [_thread_blocked, id=14260, stack(0x0000000026b70000,0x0000000026c70000)]
  0x0000000023cfe000 JavaThread "jar transforms Thread 412" [_thread_blocked, id=14188, stack(0x0000000026a70000,0x0000000026b70000)]
  0x0000000023cfb000 JavaThread "jar transforms Thread 411" [_thread_blocked, id=8272, stack(0x0000000026970000,0x0000000026a70000)]
  0x0000000023cff800 JavaThread "jar transforms Thread 410" [_thread_blocked, id=15692, stack(0x0000000026870000,0x0000000026970000)]
  0x0000000023cfd000 JavaThread "jar transforms Thread 409" [_thread_blocked, id=8868, stack(0x0000000026770000,0x0000000026870000)]
  0x0000000023d01000 JavaThread "jar transforms Thread 408" [_thread_blocked, id=8740, stack(0x0000000026670000,0x0000000026770000)]
  0x0000000023d01800 JavaThread "jar transforms Thread 407" [_thread_blocked, id=5924, stack(0x0000000026570000,0x0000000026670000)]
  0x0000000023d00000 JavaThread "jar transforms Thread 406" [_thread_blocked, id=2400, stack(0x0000000026470000,0x0000000026570000)]
  0x0000000023cfc800 JavaThread "jar transforms Thread 405" [_thread_blocked, id=11532, stack(0x0000000026370000,0x0000000026470000)]
  0x000000001ea1d000 JavaThread "jar transforms Thread 404" [_thread_blocked, id=1008, stack(0x0000000026270000,0x0000000026370000)]
  0x000000001ea1b800 JavaThread "jar transforms Thread 403" [_thread_blocked, id=4972, stack(0x0000000026170000,0x0000000026270000)]
  0x000000001ea1e000 JavaThread "jar transforms Thread 402" [_thread_blocked, id=2688, stack(0x0000000026070000,0x0000000026170000)]
  0x000000001ea12800 JavaThread "jar transforms Thread 401" [_thread_blocked, id=2668, stack(0x0000000025f70000,0x0000000026070000)]
  0x000000001ea10800 JavaThread "jar transforms Thread 400" [_thread_blocked, id=8580, stack(0x0000000025e70000,0x0000000025f70000)]
  0x000000001ea16800 JavaThread "jar transforms Thread 399" [_thread_blocked, id=12256, stack(0x0000000025d70000,0x0000000025e70000)]
  0x000000001ea15000 JavaThread "jar transforms Thread 398" [_thread_blocked, id=10272, stack(0x0000000025c70000,0x0000000025d70000)]
  0x000000001ea11000 JavaThread "jar transforms Thread 397" [_thread_blocked, id=6844, stack(0x0000000025b70000,0x0000000025c70000)]
  0x000000001ea12000 JavaThread "jar transforms Thread 396" [_thread_blocked, id=9124, stack(0x0000000025a70000,0x0000000025b70000)]
  0x000000001ec0f000 JavaThread "jar transforms Thread 395" [_thread_blocked, id=6328, stack(0x0000000025970000,0x0000000025a70000)]
  0x000000001ec0f800 JavaThread "jar transforms Thread 394" [_thread_blocked, id=2996, stack(0x0000000025870000,0x0000000025970000)]
  0x000000001ec0e000 JavaThread "jar transforms Thread 393" [_thread_blocked, id=10400, stack(0x0000000025770000,0x0000000025870000)]
  0x000000001ec0d800 JavaThread "jar transforms Thread 392" [_thread_blocked, id=8568, stack(0x0000000025670000,0x0000000025770000)]
  0x000000001ec10800 JavaThread "jar transforms Thread 391" [_thread_blocked, id=13188, stack(0x0000000025570000,0x0000000025670000)]
  0x000000001ec06000 JavaThread "jar transforms Thread 390" [_thread_blocked, id=9960, stack(0x0000000025470000,0x0000000025570000)]
  0x000000001ec05000 JavaThread "jar transforms Thread 389" [_thread_blocked, id=15232, stack(0x0000000025370000,0x0000000025470000)]
  0x000000001ec0b000 JavaThread "jar transforms Thread 388" [_thread_blocked, id=2100, stack(0x0000000023450000,0x0000000023550000)]
  0x000000001ec0a800 JavaThread "jar transforms Thread 387" [_thread_blocked, id=7736, stack(0x0000000022b50000,0x0000000022c50000)]
  0x000000001ec0c000 JavaThread "jar transforms Thread 386" [_thread_blocked, id=10204, stack(0x0000000022450000,0x0000000022550000)]
  0x0000000023a12800 JavaThread "Build operations Thread 4" [_thread_in_native, id=9756, stack(0x0000000022350000,0x0000000022450000)]
  0x0000000023a12000 JavaThread "Build operations Thread 3" [_thread_blocked, id=1664, stack(0x0000000022250000,0x0000000022350000)]
  0x0000000023a0b000 JavaThread "Build operations Thread 2" [_thread_blocked, id=13904, stack(0x0000000022150000,0x0000000022250000)]
  0x0000000023a0d800 JavaThread "Build operations" [_thread_in_Java, id=15324, stack(0x0000000022050000,0x0000000022150000)]
  0x0000000023a09800 JavaThread "Cache worker for Build Output Cleanup Cache (C:\Users\Usere\Desktop\project\.gradle\buildOutputCleanup)" [_thread_in_native, id=7556, stack(0x0000000021f50000,0x0000000022050000)]
  0x0000000023a10800 JavaThread "Cache worker for cache directory md-rule (C:\Users\Usere\.gradle\caches\6.5\md-rule)" [_thread_blocked, id=13836, stack(0x000000001fae0000,0x000000001fbe0000)]
  0x0000000023a09000 JavaThread "Cache worker for cache directory md-supplier (C:\Users\Usere\.gradle\caches\6.5\md-supplier)" [_thread_blocked, id=6200, stack(0x000000001f9e0000,0x000000001fae0000)]
  0x0000000023a07800 JavaThread "Cache worker for checksums cache (C:\Users\Usere\Desktop\project\.gradle\checksums)" [_thread_blocked, id=4532, stack(0x000000001d230000,0x000000001d330000)]
  0x0000000023a0a800 JavaThread "Cache worker for file hash cache (C:\Users\Usere\Desktop\project\.gradle\6.5\fileHashes)" [_thread_blocked, id=14024, stack(0x000000001ce40000,0x000000001cf40000)]
  0x0000000023a0c800 JavaThread "Thread-557" [_thread_blocked, id=4848, stack(0x000000001cd40000,0x000000001ce40000)]
  0x000000001e320800 JavaThread "Stdin handler" [_thread_blocked, id=15904, stack(0x000000001cc40000,0x000000001cd40000)]
  0x000000001e319000 JavaThread "Asynchronous log dispatcher for DefaultDaemonConnection: socket connection from /127.0.0.1:1123 to /127.0.0.1:8157" [_thread_blocked, id=14928, stack(0x000000001c660000,0x000000001c760000)]
  0x000000001e320000 JavaThread "Cancel handler" [_thread_blocked, id=6060, stack(0x00000000010c0000,0x00000000011c0000)]
  0x000000001e31d800 JavaThread "Handler for socket connection from /127.0.0.1:1123 to /127.0.0.1:8157" [_thread_in_native, id=13944, stack(0x0000000000fc0000,0x00000000010c0000)]
  0x000000001e31c000 JavaThread "jar transforms Thread 385" [_thread_blocked, id=15652, stack(0x0000000021e50000,0x0000000021f50000)]
  0x000000001e31f000 JavaThread "jar transforms Thread 384" [_thread_blocked, id=12836, stack(0x0000000021d50000,0x0000000021e50000)]
  0x000000001e318000 JavaThread "jar transforms Thread 383" [_thread_blocked, id=12700, stack(0x0000000021c50000,0x0000000021d50000)]
  0x000000001e31b800 JavaThread "jar transforms Thread 382" [_thread_blocked, id=8084, stack(0x0000000021b50000,0x0000000021c50000)]
  0x000000001e31e800 JavaThread "jar transforms Thread 381" [_thread_blocked, id=11964, stack(0x0000000021a50000,0x0000000021b50000)]
  0x000000001e31a800 JavaThread "jar transforms Thread 380" [_thread_blocked, id=14236, stack(0x0000000021950000,0x0000000021a50000)]
  0x000000001e31d000 JavaThread "jar transforms Thread 379" [_thread_blocked, id=13776, stack(0x0000000021850000,0x0000000021950000)]
  0x000000001e313000 JavaThread "jar transforms Thread 378" [_thread_blocked, id=9296, stack(0x0000000021750000,0x0000000021850000)]
  0x000000001e314800 JavaThread "jar transforms Thread 377" [_thread_blocked, id=8772, stack(0x0000000021650000,0x0000000021750000)]
  0x000000001ea19800 JavaThread "jar transforms Thread 376" [_thread_blocked, id=10900, stack(0x0000000021550000,0x0000000021650000)]
  0x000000001ea18800 JavaThread "jar transforms Thread 375" [_thread_blocked, id=9256, stack(0x0000000021450000,0x0000000021550000)]
  0x000000001ea1f800 JavaThread "jar transforms Thread 374" [_thread_blocked, id=616, stack(0x0000000021140000,0x0000000021240000)]
  0x000000001ea1e800 JavaThread "jar transforms Thread 373" [_thread_blocked, id=13528, stack(0x0000000021040000,0x0000000021140000)]
  0x000000001ea1c800 JavaThread "jar transforms Thread 372" [_thread_blocked, id=12664, stack(0x0000000020f40000,0x0000000021040000)]
  0x000000001ea1b000 JavaThread "jar transforms Thread 371" [_thread_blocked, id=16212, stack(0x0000000020e40000,0x0000000020f40000)]
  0x000000001ea17000 JavaThread "jar transforms Thread 370" [_thread_blocked, id=15524, stack(0x000000001fce0000,0x000000001fde0000)]
  0x000000001ea1a000 JavaThread "jar transforms Thread 369" [_thread_blocked, id=1412, stack(0x000000001fbe0000,0x000000001fce0000)]
  0x000000001ea13800 JavaThread "Daemon worker Thread 4" [_thread_blocked, id=8652, stack(0x000000001c560000,0x000000001c660000)]
  0x000000001ea15800 JavaThread "Daemon Thread 4" [_thread_blocked, id=12576, stack(0x0000000000ec0000,0x0000000000fc0000)]
  0x000000001e316800 JavaThread "Memory manager" [_thread_blocked, id=10588, stack(0x000000002a170000,0x000000002a270000)]
  0x000000001ec06800 JavaThread "Cache worker for file content cache (C:\Users\Usere\.gradle\caches\6.5\fileContent)" [_thread_blocked, id=12640, stack(0x0000000023350000,0x0000000023450000)]
  0x000000001ec04800 JavaThread "Cache worker for execution history cache (C:\Users\Usere\.gradle\caches\6.5\executionHistory)" [_thread_in_native, id=1552, stack(0x0000000022e50000,0x0000000022f50000)]
  0x0000000017c82000 JavaThread "Cache worker for file hash cache (C:\Users\Usere\.gradle\caches\6.5\fileHashes)" [_thread_in_native, id=2212, stack(0x000000001d740000,0x000000001d840000)]
  0x0000000017c7f000 JavaThread "File lock request listener" [_thread_in_native, id=9976, stack(0x000000001d640000,0x000000001d740000)]
  0x000000001aee5800 JavaThread "Cache worker for journal cache (C:\Users\Usere\.gradle\caches\journal-1)" [_thread_blocked, id=6648, stack(0x000000001d540000,0x000000001d640000)]
  0x000000001b5ba800 JavaThread "Daemon periodic checks" [_thread_blocked, id=6664, stack(0x000000001c940000,0x000000001ca40000)]
  0x000000001b5b1800 JavaThread "Incoming local TCP Connector on port 1123" [_thread_in_native, id=3356, stack(0x000000001c760000,0x000000001c860000)]
  0x0000000019b33800 JavaThread "Daemon health stats" [_thread_blocked, id=660, stack(0x000000001c460000,0x000000001c560000)]
  0x000000001905b000 JavaThread "Service Thread" daemon [_thread_blocked, id=14384, stack(0x00000000198c0000,0x00000000199c0000)]
  0x0000000017c80800 JavaThread "C1 CompilerThread2" daemon [_thread_in_native, id=5200, stack(0x00000000197c0000,0x00000000198c0000)]
=>0x0000000017c7e000 JavaThread "C2 CompilerThread1" daemon [_thread_in_native, id=12996, stack(0x00000000196c0000,0x00000000197c0000)]
  0x0000000017ccd800 JavaThread "C2 CompilerThread0" daemon [_thread_in_native, id=13980, stack(0x00000000195c0000,0x00000000196c0000)]
  0x0000000017ccb800 JavaThread "Attach Listener" daemon [_thread_blocked, id=588, stack(0x00000000194c0000,0x00000000195c0000)]
  0x0000000018fd0800 JavaThread "Signal Dispatcher" daemon [_thread_blocked, id=12144, stack(0x00000000193c0000,0x00000000194c0000)]
  0x000000000304c000 JavaThread "Finalizer" daemon [_thread_blocked, id=12744, stack(0x0000000018ec0000,0x0000000018fc0000)]
  0x0000000017c59000 JavaThread "Reference Handler" daemon [_thread_blocked, id=4464, stack(0x0000000018dc0000,0x0000000018ec0000)]
  0x0000000002f4e000 JavaThread "main" [_thread_blocked, id=11136, stack(0x0000000002db0000,0x0000000002eb0000)]

Other Threads:
  0x0000000017c36000 VMThread [stack: 0x0000000018cc0000,0x0000000018dc0000] [id=920]
  0x000000001905d800 WatcherThread [stack: 0x00000000199c0000,0x0000000019ac0000] [id=2172]

VM state:not at safepoint (normal execution)

VM Mutex/Monitor currently owned by a thread: None

heap address: 0x0000000080000000, size: 2048 MB, Compressed Oops mode: 32-bit
Narrow klass base: 0x0000000000000000, Narrow klass shift: 3
Compressed class space size: 1073741824 Address: 0x0000000100000000

Heap:
 PSYoungGen      total 372736K, used 80982K [0x00000000d5580000, 0x00000000f0700000, 0x0000000100000000)
  eden space 301568K, 22% used [0x00000000d5580000,0x00000000d9886bd0,0x00000000e7c00000)
  from space 71168K, 17% used [0x00000000ec180000,0x00000000ecd8ec60,0x00000000f0700000)
  to   space 71168K, 0% used [0x00000000e7c00000,0x00000000e7c00000,0x00000000ec180000)
 ParOldGen       total 273408K, used 89671K [0x0000000080000000, 0x0000000090b00000, 0x00000000d5580000)
  object space 273408K, 32% used [0x0000000080000000,0x0000000085791e48,0x0000000090b00000)
 Metaspace       used 161209K, capacity 168302K, committed 168780K, reserved 1196032K
  class space    used 21190K, capacity 22701K, committed 22912K, reserved 1048576K

Card table byte_map: [0x0000000012410000,0x0000000012820000] byte_map_base: 0x0000000012010000

Marking Bits: (ParMarkBitMap*) 0x0000000071e4f030
 Begin Bits: [0x0000000012ed0000, 0x0000000014ed0000)
 End Bits:   [0x0000000014ed0000, 0x0000000016ed0000)

Polling page: 0x0000000002980000

CodeCache: size=245760Kb used=58033Kb max_used=58033Kb free=187726Kb
 bounds [0x0000000003050000, 0x0000000006950000, 0x0000000012050000]
 total_blobs=16905 nmethods=16026 adapters=791
 compilation: enabled

Compilation events (10 events):
Event: 3386.050 Thread 0x0000000017c80800 19504       3       org.gradle.internal.vfs.impl.DefaultVirtualFileSystem::lambda$update$19 (60 bytes)
Event: 3386.051 Thread 0x0000000017c80800 nmethod 19504 0x000000000656ae10 code [0x000000000656b020, 0x000000000656bb28]
Event: 3386.051 Thread 0x0000000017c80800 19505       3       org.gradle.internal.service.scopes.VirtualFileSystemServices$BuildSessionServices$2$$Lambda$637/355763141::run (4 bytes)
Event: 3386.051 Thread 0x0000000017c80800 nmethod 19505 0x00000000069263d0 code [0x0000000006926520, 0x00000000069266d0]
Event: 3386.051 Thread 0x0000000017c80800 19506       3       org.gradle.internal.service.scopes.VirtualFileSystemServices$BuildSessionServices$2::lambda$beforeOutputChange$0 (1 bytes)
Event: 3386.051 Thread 0x0000000017c80800 nmethod 19506 0x000000000454a4d0 code [0x000000000454a620, 0x000000000454a750]
Event: 3386.059 Thread 0x0000000017c80800 19507       2       org.objectweb.asm.commons.MethodRemapper::visitLdcInsn (13 bytes)
Event: 3386.059 Thread 0x0000000017c80800 nmethod 19507 0x0000000003e92d90 code [0x0000000003e92f00, 0x0000000003e93098]
Event: 3386.060 Thread 0x0000000017c80800 19508       2       org.objectweb.asm.commons.Remapper::mapValue (193 bytes)
Event: 3386.061 Thread 0x0000000017c80800 nmethod 19508 0x0000000006569610 code [0x00000000065698a0, 0x000000000656a308]

GC Heap History (10 events):
Event: 3285.123 GC heap before
{Heap before GC invocations=27 (full 4):
 PSYoungGen      total 305152K, used 305147K [0x00000000d5580000, 0x00000000ec380000, 0x0000000100000000)
  eden space 263168K, 100% used [0x00000000d5580000,0x00000000e5680000,0x00000000e5680000)
  from space 41984K, 99% used [0x00000000e8a00000,0x00000000eb2fee40,0x00000000eb300000)
  to   space 52736K, 0% used [0x00000000e5680000,0x00000000e5680000,0x00000000e8a00000)
 ParOldGen       total 184832K, used 52919K [0x0000000080000000, 0x000000008b480000, 0x00000000d5580000)
  object space 184832K, 28% used [0x0000000080000000,0x00000000833addc8,0x000000008b480000)
 Metaspace       used 140299K, capacity 146590K, committed 146764K, reserved 1177600K
  class space    used 18266K, capacity 19545K, committed 19584K, reserved 1048576K
Event: 3285.166 GC heap after
Heap after GC invocations=27 (full 4):
 PSYoungGen      total 315904K, used 39763K [0x00000000d5580000, 0x00000000edb80000, 0x0000000100000000)
  eden space 263168K, 0% used [0x00000000d5580000,0x00000000d5580000,0x00000000e5680000)
  from space 52736K, 75% used [0x00000000e5680000,0x00000000e7d54e10,0x00000000e8a00000)
  to   space 56320K, 0% used [0x00000000ea480000,0x00000000ea480000,0x00000000edb80000)
 ParOldGen       total 184832K, used 67903K [0x0000000080000000, 0x000000008b480000, 0x00000000d5580000)
  object space 184832K, 36% used [0x0000000080000000,0x000000008424fe10,0x000000008b480000)
 Metaspace       used 140299K, capacity 146590K, committed 146764K, reserved 1177600K
  class space    used 18266K, capacity 19545K, committed 19584K, reserved 1048576K
}
Event: 3379.205 GC heap before
{Heap before GC invocations=28 (full 4):
 PSYoungGen      total 315904K, used 302931K [0x00000000d5580000, 0x00000000edb80000, 0x0000000100000000)
  eden space 263168K, 100% used [0x00000000d5580000,0x00000000e5680000,0x00000000e5680000)
  from space 52736K, 75% used [0x00000000e5680000,0x00000000e7d54e10,0x00000000e8a00000)
  to   space 56320K, 0% used [0x00000000ea480000,0x00000000ea480000,0x00000000edb80000)
 ParOldGen       total 184832K, used 67903K [0x0000000080000000, 0x000000008b480000, 0x00000000d5580000)
  object space 184832K, 36% used [0x0000000080000000,0x000000008424fe10,0x000000008b480000)
 Metaspace       used 151001K, capacity 158052K, committed 158284K, reserved 1185792K
  class space    used 19675K, capacity 21099K, committed 21120K, reserved 1048576K
Event: 3379.253 GC heap after
Heap after GC invocations=28 (full 4):
 PSYoungGen      total 333824K, used 56140K [0x00000000d5580000, 0x00000000ee900000, 0x0000000100000000)
  eden space 277504K, 0% used [0x00000000d5580000,0x00000000d5580000,0x00000000e6480000)
  from space 56320K, 99% used [0x00000000ea480000,0x00000000edb53178,0x00000000edb80000)
  to   space 65536K, 0% used [0x00000000e6480000,0x00000000e6480000,0x00000000ea480000)
 ParOldGen       total 184832K, used 67911K [0x0000000080000000, 0x000000008b480000, 0x00000000d5580000)
  object space 184832K, 36% used [0x0000000080000000,0x0000000084251e10,0x000000008b480000)
 Metaspace       used 151001K, capacity 158052K, committed 158284K, reserved 1185792K
  class space    used 19675K, capacity 21099K, committed 21120K, reserved 1048576K
}
Event: 3380.983 GC heap before
{Heap before GC invocations=29 (full 4):
 PSYoungGen      total 333824K, used 151934K [0x00000000d5580000, 0x00000000ee900000, 0x0000000100000000)
  eden space 277504K, 34% used [0x00000000d5580000,0x00000000db30c830,0x00000000e6480000)
  from space 56320K, 99% used [0x00000000ea480000,0x00000000edb53178,0x00000000edb80000)
  to   space 65536K, 0% used [0x00000000e6480000,0x00000000e6480000,0x00000000ea480000)
 ParOldGen       total 184832K, used 67911K [0x0000000080000000, 0x000000008b480000, 0x00000000d5580000)
  object space 184832K, 36% used [0x0000000080000000,0x0000000084251e10,0x000000008b480000)
 Metaspace       used 156347K, capacity 163734K, committed 163916K, reserved 1191936K
  class space    used 20561K, capacity 22076K, committed 22144K, reserved 1048576K
Event: 3381.016 GC heap after
Heap after GC invocations=29 (full 4):
 PSYoungGen      total 343040K, used 56737K [0x00000000d5580000, 0x00000000f0880000, 0x0000000100000000)
  eden space 277504K, 0% used [0x00000000d5580000,0x00000000d5580000,0x00000000e6480000)
  from space 65536K, 86% used [0x00000000e6480000,0x00000000e9be8528,0x00000000ea480000)
  to   space 72704K, 0% used [0x00000000ec180000,0x00000000ec180000,0x00000000f0880000)
 ParOldGen       total 184832K, used 67919K [0x0000000080000000, 0x000000008b480000, 0x00000000d5580000)
  object space 184832K, 36% used [0x0000000080000000,0x0000000084253e10,0x000000008b480000)
 Metaspace       used 156347K, capacity 163734K, committed 163916K, reserved 1191936K
  class space    used 20561K, capacity 22076K, committed 22144K, reserved 1048576K
}
Event: 3381.017 GC heap before
{Heap before GC invocations=30 (full 5):
 PSYoungGen      total 343040K, used 56737K [0x00000000d5580000, 0x00000000f0880000, 0x0000000100000000)
  eden space 277504K, 0% used [0x00000000d5580000,0x00000000d5580000,0x00000000e6480000)
  from space 65536K, 86% used [0x00000000e6480000,0x00000000e9be8528,0x00000000ea480000)
  to   space 72704K, 0% used [0x00000000ec180000,0x00000000ec180000,0x00000000f0880000)
 ParOldGen       total 184832K, used 67919K [0x0000000080000000, 0x000000008b480000, 0x00000000d5580000)
  object space 184832K, 36% used [0x0000000080000000,0x0000000084253e10,0x000000008b480000)
 Metaspace       used 156347K, capacity 163734K, committed 163916K, reserved 1191936K
  class space    used 20561K, capacity 22076K, committed 22144K, reserved 1048576K
Event: 3381.276 GC heap after
Heap after GC invocations=30 (full 5):
 PSYoungGen      total 343040K, used 0K [0x00000000d5580000, 0x00000000f0880000, 0x0000000100000000)
  eden space 277504K, 0% used [0x00000000d5580000,0x00000000d5580000,0x00000000e6480000)
  from space 65536K, 0% used [0x00000000e6480000,0x00000000e6480000,0x00000000ea480000)
  to   space 72704K, 0% used [0x00000000ec180000,0x00000000ec180000,0x00000000f0880000)
 ParOldGen       total 273408K, used 89663K [0x0000000080000000, 0x0000000090b00000, 0x00000000d5580000)
  object space 273408K, 32% used [0x0000000080000000,0x000000008578fe48,0x0000000090b00000)
 Metaspace       used 156052K, capacity 163030K, committed 163916K, reserved 1191936K
  class space    used 20473K, capacity 21975K, committed 22144K, reserved 1048576K
}
Event: 3384.654 GC heap before
{Heap before GC invocations=31 (full 5):
 PSYoungGen      total 343040K, used 277504K [0x00000000d5580000, 0x00000000f0880000, 0x0000000100000000)
  eden space 277504K, 100% used [0x00000000d5580000,0x00000000e6480000,0x00000000e6480000)
  from space 65536K, 0% used [0x00000000e6480000,0x00000000e6480000,0x00000000ea480000)
  to   space 72704K, 0% used [0x00000000ec180000,0x00000000ec180000,0x00000000f0880000)
 ParOldGen       total 273408K, used 89663K [0x0000000080000000, 0x0000000090b00000, 0x00000000d5580000)
  object space 273408K, 32% used [0x0000000080000000,0x000000008578fe48,0x0000000090b00000)
 Metaspace       used 160876K, capacity 167894K, committed 168396K, reserved 1196032K
  class space    used 21150K, capacity 22657K, committed 22784K, reserved 1048576K
Event: 3384.665 GC heap after
Heap after GC invocations=31 (full 5):
 PSYoungGen      total 372736K, used 12347K [0x00000000d5580000, 0x00000000f0700000, 0x0000000100000000)
  eden space 301568K, 0% used [0x00000000d5580000,0x00000000d5580000,0x00000000e7c00000)
  from space 71168K, 17% used [0x00000000ec180000,0x00000000ecd8ec60,0x00000000f0700000)
  to   space 71168K, 0% used [0x00000000e7c00000,0x00000000e7c00000,0x00000000ec180000)
 ParOldGen       total 273408K, used 89671K [0x0000000080000000, 0x0000000090b00000, 0x00000000d5580000)
  object space 273408K, 32% used [0x0000000080000000,0x0000000085791e48,0x0000000090b00000)
 Metaspace       used 160876K, capacity 167894K, committed 168396K, reserved 1196032K
  class space    used 21150K, capacity 22657K, committed 22784K, reserved 1048576K
}

Deoptimization events (10 events):
Event: 3382.006 Thread 0x0000000023a12000 Uncommon trap: reason=unstable_if action=reinterpret pc=0x000000000666fe58 method=org.objectweb.asm.ClassReader.readUtf(II[C)Ljava/lang/String; @ 41
Event: 3382.625 Thread 0x0000000023a12000 Uncommon trap: reason=unstable_if action=reinterpret pc=0x0000000006747d94 method=org.objectweb.asm.ClassReader.readStackMapFrame(IZZLorg/objectweb/asm/Context;)I @ 155
Event: 3382.812 Thread 0x0000000023a12800 Uncommon trap: reason=unstable_if action=reinterpret pc=0x0000000005775320 method=org.objectweb.asm.Label.addLineNumber(I)V @ 4
Event: 3382.812 Thread 0x0000000023a12800 Uncommon trap: reason=unstable_if action=reinterpret pc=0x000000000673714c method=org.objectweb.asm.Label.accept(Lorg/objectweb/asm/MethodVisitor;Z)V @ 32
Event: 3382.813 Thread 0x0000000023a12800 Uncommon trap: reason=unstable_if action=reinterpret pc=0x000000000670ee10 method=org.objectweb.asm.ByteVector.putUTF8(Ljava/lang/String;)Lorg/objectweb/asm/ByteVector; @ 100
Event: 3384.191 Thread 0x0000000023a12000 Uncommon trap: reason=unstable_if action=reinterpret pc=0x000000000684df74 method=org.objectweb.asm.ClassReader.<init>([BIZ)V @ 350
Event: 3384.191 Thread 0x0000000023a12800 Uncommon trap: reason=unstable_if action=reinterpret pc=0x000000000683d3bc method=org.objectweb.asm.ClassReader.<init>([BIZ)V @ 350
Event: 3385.345 Thread 0x0000000023a0b000 Uncommon trap: reason=unstable_if action=reinterpret pc=0x00000000042199c0 method=java.util.concurrent.locks.ReentrantLock$Sync.nonfairTryAcquire(I)Z @ 19
Event: 3385.554 Thread 0x0000000023a12000 Uncommon trap: reason=unstable_if action=reinterpret pc=0x0000000005957758 method=java.util.concurrent.ConcurrentHashMap.addCount(JI)V @ 97
Event: 3385.703 Thread 0x0000000023a0b000 Uncommon trap: reason=unstable_if action=reinterpret pc=0x0000000004c277a0 method=com.google.common.cache.LongAdder.add(J)V @ 95

Classes redefined (0 events):
No events

Internal exceptions (10 events):
Event: 3384.283 Thread 0x0000000023a12000 Exception <a 'sun/nio/fs/WindowsException'> (0x00000000e471f150) thrown at [C:\src\AOSP-openjdk-git\hotspot\src\share\vm\prims\jni.cpp, line 710]
Event: 3384.584 Thread 0x0000000023a12800 Exception <a 'sun/nio/fs/WindowsException'> (0x00000000e50ca050) thrown at [C:\src\AOSP-openjdk-git\hotspot\src\share\vm\prims\jni.cpp, line 710]
Event: 3384.630 Thread 0x0000000023a12800 Exception <a 'sun/nio/fs/WindowsException'> (0x00000000e52f38e0) thrown at [C:\src\AOSP-openjdk-git\hotspot\src\share\vm\prims\jni.cpp, line 710]
Event: 3384.672 Thread 0x0000000023a12000 Exception <a 'sun/nio/fs/WindowsException'> (0x00000000d5a607c8) thrown at [C:\src\AOSP-openjdk-git\hotspot\src\share\vm\prims\jni.cpp, line 710]
Event: 3385.141 Thread 0x0000000023a0b000 Exception <a 'sun/nio/fs/WindowsException'> (0x00000000d69a6528) thrown at [C:\src\AOSP-openjdk-git\hotspot\src\share\vm\prims\jni.cpp, line 710]
Event: 3385.441 Thread 0x0000000023a12000 Exception <a 'sun/nio/fs/WindowsException'> (0x00000000d7a5b328) thrown at [C:\src\AOSP-openjdk-git\hotspot\src\share\vm\prims\jni.cpp, line 710]
Event: 3385.730 Thread 0x0000000023a0d800 Exception <a 'sun/nio/fs/WindowsException'> (0x00000000d8aa89e8) thrown at [C:\src\AOSP-openjdk-git\hotspot\src\share\vm\prims\jni.cpp, line 710]
Event: 3385.804 Thread 0x0000000023a0b000 Exception <a 'sun/nio/fs/WindowsException'> (0x00000000d9089ab8) thrown at [C:\src\AOSP-openjdk-git\hotspot\src\share\vm\prims\jni.cpp, line 710]
Event: 3385.810 Thread 0x000000001ea13800 Exception <a 'sun/nio/fs/WindowsException'> (0x00000000d9200b68) thrown at [C:\src\AOSP-openjdk-git\hotspot\src\share\vm\prims\jni.cpp, line 710]
Event: 3386.062 Thread 0x0000000023a0d800 Exception <a 'sun/nio/fs/WindowsException'> (0x00000000d97f9920) thrown at [C:\src\AOSP-openjdk-git\hotspot\src\share\vm\prims\jni.cpp, line 710]

Events (10 events):
Event: 3385.748 Thread 0x0000000017c80800 flushing nmethod 0x00000000045c6050
Event: 3385.748 Thread 0x0000000017c80800 flushing nmethod 0x0000000004649150
Event: 3385.748 Thread 0x0000000017c80800 flushing nmethod 0x00000000046534d0
Event: 3385.753 Thread 0x0000000017c80800 flushing nmethod 0x0000000004bdc550
Event: 3385.753 Thread 0x0000000017c80800 flushing nmethod 0x0000000004d2fc90
Event: 3385.757 Thread 0x0000000017c80800 flushing nmethod 0x00000000055c9690
Event: 3385.757 Thread 0x0000000017c80800 flushing nmethod 0x00000000057c3450
Event: 3385.761 Thread 0x0000000017c80800 flushing nmethod 0x00000000062b7c90
Event: 3385.762 Thread 0x0000000017c80800 flushing nmethod 0x00000000063c51d0
Event: 3385.762 Thread 0x0000000017c80800 flushing nmethod 0x0000000006568c10


Dynamic libraries:
0x00007ff69b390000 - 0x00007ff69b3c1000 	C:\Program Files\Android\Android Studio\jre\bin\java.exe
0x00007ffb972d0000 - 0x00007ffb974c5000 	C:\Windows\SYSTEM32\ntdll.dll
0x00007ffb96840000 - 0x00007ffb968fd000 	C:\Windows\System32\KERNEL32.DLL
0x00007ffb94a40000 - 0x00007ffb94d09000 	C:\Windows\System32\KERNELBASE.dll
0x00007ffb966f0000 - 0x00007ffb9679c000 	C:\Windows\System32\ADVAPI32.dll
0x00007ffb95340000 - 0x00007ffb953de000 	C:\Windows\System32\msvcrt.dll
0x00007ffb97140000 - 0x00007ffb971db000 	C:\Windows\System32\sechost.dll
0x00007ffb957b0000 - 0x00007ffb958da000 	C:\Windows\System32\RPCRT4.dll
0x00007ffb959c0000 - 0x00007ffb95b60000 	C:\Windows\System32\USER32.dll
0x00007ffb94a10000 - 0x00007ffb94a32000 	C:\Windows\System32\win32u.dll
0x00007ffb95b60000 - 0x00007ffb95b8a000 	C:\Windows\System32\GDI32.dll
0x00007ffb94ef0000 - 0x00007ffb94ffb000 	C:\Windows\System32\gdi32full.dll
0x00007ffb95000000 - 0x00007ffb9509d000 	C:\Windows\System32\msvcp_win.dll
0x00007ffb94da0000 - 0x00007ffb94ea0000 	C:\Windows\System32\ucrtbase.dll
0x00007ffb866b0000 - 0x00007ffb8694a000 	C:\Windows\WinSxS\amd64_microsoft.windows.common-controls_6595b64144ccf1df_6.0.19041.1110_none_60b5254171f9507e\COMCTL32.dll
0x00007ffb96800000 - 0x00007ffb96830000 	C:\Windows\System32\IMM32.DLL
0x00000000714a0000 - 0x0000000071572000 	C:\Program Files\Android\Android Studio\jre\jre\bin\msvcr100.dll
0x0000000071680000 - 0x0000000071ecb000 	C:\Program Files\Android\Android Studio\jre\jre\bin\server\jvm.dll
0x00007ffb959b0000 - 0x00007ffb959b8000 	C:\Windows\System32\PSAPI.DLL
0x00007ffb7f7e0000 - 0x00007ffb7f7e9000 	C:\Windows\SYSTEM32\WSOCK32.dll
0x00007ffb95940000 - 0x00007ffb959ab000 	C:\Windows\System32\WS2_32.dll
0x00007ffb8f170000 - 0x00007ffb8f17a000 	C:\Windows\SYSTEM32\VERSION.dll
0x00007ffb89a90000 - 0x00007ffb89ab7000 	C:\Windows\SYSTEM32\WINMM.dll
0x00007ffb8b430000 - 0x00007ffb8b43f000 	C:\Program Files\Android\Android Studio\jre\jre\bin\verify.dll
0x00007ffb8b400000 - 0x00007ffb8b429000 	C:\Program Files\Android\Android Studio\jre\jre\bin\java.dll
0x00007ffb8b3e0000 - 0x00007ffb8b3f6000 	C:\Program Files\Android\Android Studio\jre\jre\bin\zip.dll
0x00007ffb95b90000 - 0x00007ffb962cf000 	C:\Windows\System32\SHELL32.dll
0x00007ffb92b10000 - 0x00007ffb932a1000 	C:\Windows\SYSTEM32\windows.storage.dll
0x00007ffb962e0000 - 0x00007ffb96635000 	C:\Windows\System32\combase.dll
0x00007ffb94480000 - 0x00007ffb944ac000 	C:\Windows\SYSTEM32\Wldp.dll
0x00007ffb971e0000 - 0x00007ffb9728e000 	C:\Windows\System32\SHCORE.dll
0x00007ffb954c0000 - 0x00007ffb95515000 	C:\Windows\System32\shlwapi.dll
0x00007ffb94950000 - 0x00007ffb9496f000 	C:\Windows\SYSTEM32\profapi.dll
0x00007ffb8b3c0000 - 0x00007ffb8b3da000 	C:\Program Files\Android\Android Studio\jre\jre\bin\net.dll
0x00007ffb941e0000 - 0x00007ffb9424a000 	C:\Windows\system32\mswsock.dll
0x00007ffb8b3a0000 - 0x00007ffb8b3b3000 	C:\Program Files\Android\Android Studio\jre\jre\bin\nio.dll
0x00007ffb85c70000 - 0x00007ffb85c97000 	C:\Users\Usere\.gradle\native\f6784746aeab05261644944871eae4fe03e0ef1612fff0a4a95f87b438bc6780\windows-amd64\native-platform.dll
0x00007ffb8b390000 - 0x00007ffb8b39d000 	C:\Program Files\Android\Android Studio\jre\jre\bin\management.dll
0x00007ffb943c0000 - 0x00007ffb943d8000 	C:\Windows\SYSTEM32\CRYPTSP.dll
0x00007ffb93b10000 - 0x00007ffb93b44000 	C:\Windows\system32\rsaenh.dll
0x00007ffb951b0000 - 0x00007ffb951d7000 	C:\Windows\System32\bcrypt.dll
0x00007ffb94910000 - 0x00007ffb9493e000 	C:\Windows\SYSTEM32\USERENV.dll
0x00007ffb94d10000 - 0x00007ffb94d93000 	C:\Windows\System32\bcryptprimitives.dll
0x00007ffb943e0000 - 0x00007ffb943ec000 	C:\Windows\SYSTEM32\CRYPTBASE.dll
0x00007ffb93e80000 - 0x00007ffb93ebb000 	C:\Windows\SYSTEM32\IPHLPAPI.DLL
0x00007ffb96830000 - 0x00007ffb96838000 	C:\Windows\System32\NSI.dll
0x00007ffb8e460000 - 0x00007ffb8e477000 	C:\Windows\SYSTEM32\dhcpcsvc6.DLL
0x00007ffb8eb60000 - 0x00007ffb8eb7d000 	C:\Windows\SYSTEM32\dhcpcsvc.DLL
0x00007ffb93ed0000 - 0x00007ffb93f9c000 	C:\Windows\SYSTEM32\DNSAPI.dll
0x00007ffb8f180000 - 0x00007ffb8f18b000 	C:\Windows\SYSTEM32\WINNSI.DLL
0x00007ffb8adc0000 - 0x00007ffb8ade4000 	C:\Program Files\Android\Android Studio\jre\jre\bin\sunec.dll
0x00007ffb8bb30000 - 0x00007ffb8bb3a000 	C:\Windows\System32\rasadhlp.dll
0x00007ffb891b0000 - 0x00007ffb8922f000 	C:\Windows\System32\fwpuclnt.dll
0x00007ffb8b8e0000 - 0x00007ffb8b8eb000 	C:\Program Files\Android\Android Studio\jre\jre\bin\sunmscapi.dll
0x00007ffb951e0000 - 0x00007ffb9533f000 	C:\Windows\System32\CRYPT32.dll
0x00007ffb93740000 - 0x00007ffb93773000 	C:\Windows\SYSTEM32\ntmarta.dll

VM Arguments:
jvm_args: -Xmx2048m -Dfile.encoding=UTF-8 -Duser.country=KR -Duser.language=ko -Duser.variant 
java_command: org.gradle.launcher.daemon.bootstrap.GradleDaemon 6.5
java_class_path (initial): C:\Users\Usere\.gradle\wrapper\dists\gradle-6.5-bin\6nifqtx7604sqp1q6g8wikw7p\gradle-6.5\lib\gradle-launcher-6.5.jar
Launcher Type: SUN_STANDARD

Environment Variables:
PATH=C:\Program Files (x86)\Common Files\Oracle\Java\javapath;C:\Program Files (x86)\NAT Service;C:\Program Files (x86)\Common Files\Intel\Shared Libraries\redist\intel64\compiler;C:\Windows\system32;C:\Windows;C:\Windows\System32\Wbem;C:\Windows\System32\WindowsPowerShell\v1.0\;C:\Windows\System32\OpenSSH\;C:\Program Files (x86)\NVIDIA Corporation\PhysX\Common;C:\Users\Usere\AppData\Local\Programs\Python\Python39\Scripts\;C:\Users\Usere\AppData\Local\Programs\Python\Python39\;C:\Users\Usere\AppData\Local\Microsoft\WindowsApps;C:\Program Files\Bandizip\
USERNAME=Usere
OS=Windows_NT
PROCESSOR_IDENTIFIER=Intel64 Family 6 Model 58 Stepping 9, GenuineIntel



---------------  S Y S T E M  ---------------

OS: Windows 10.0 , 64 bit Build 19041 (10.0.19041.1023)

CPU:total 4 (initial active 4) (4 cores per cpu, 1 threads per core) family 6 model 58 stepping 9, cmov, cx8, fxsr, mmx, sse, sse2, sse3, ssse3, sse4.1, sse4.2, popcnt, avx, aes, clmul, erms, tsc, tscinvbit, tscinv

Memory: 4k page, physical 8330192k(1480344k free), swap 8330192k(3092k free)

vm_info: OpenJDK 64-Bit Server VM (25.242-b01) for windows-amd64 JRE (1.8.0_242-release-1644-b01), built by "builder" with MS VC++ 10.0 (VS2010)

time: Tue Jul 27 20:31:42 2021
timezone: 대한민국 표준시
elapsed time: 3386 seconds (0d 0h 56m 26s)

